<?xml version="1.0" encoding="UTF-8" ?>
<testsuite tests="22" failures="0" name="TestSuite" time="9.825" errors="0" skipped="0">
  <properties>
    <property name="java.runtime.name" value="Java(TM) SE Runtime Environment"/>
    <property name="sun.boot.library.path" value="/Library/Java/JavaVirtualMachines/jdk1.8.0_171.jdk/Contents/Home/jre/lib"/>
    <property name="java.vm.version" value="25.171-b11"/>
    <property name="gopherProxySet" value="false"/>
    <property name="java.vm.vendor" value="Oracle Corporation"/>
    <property name="maven.multiModuleProjectDirectory" value="/Users/maguangyi/IdeaProjects/education/education-platform/app-common"/>
    <property name="java.vendor.url" value="http://java.oracle.com/"/>
    <property name="path.separator" value=":"/>
    <property name="guice.disable.misplaced.annotation.check" value="true"/>
    <property name="java.vm.name" value="Java HotSpot(TM) 64-Bit Server VM"/>
    <property name="file.encoding.pkg" value="sun.io"/>
    <property name="user.country" value="CN"/>
    <property name="sun.java.launcher" value="SUN_STANDARD"/>
    <property name="sun.os.patch.level" value="unknown"/>
    <property name="java.vm.specification.name" value="Java Virtual Machine Specification"/>
    <property name="user.dir" value="/Users/maguangyi/IdeaProjects/education/education-platform/app-common"/>
    <property name="java.runtime.version" value="1.8.0_171-b11"/>
    <property name="java.awt.graphicsenv" value="sun.awt.CGraphicsEnvironment"/>
    <property name="java.endorsed.dirs" value="/Library/Java/JavaVirtualMachines/jdk1.8.0_171.jdk/Contents/Home/jre/lib/endorsed"/>
    <property name="os.arch" value="x86_64"/>
    <property name="java.io.tmpdir" value="/var/folders/lv/g099w5mn4n5_syp6tv7j4bvw0000gn/T/"/>
    <property name="line.separator" value="
"/>
    <property name="java.vm.specification.vendor" value="Oracle Corporation"/>
    <property name="os.name" value="Mac OS X"/>
    <property name="classworlds.conf" value="/software/apache-maven-3.5.4/bin/m2.conf"/>
    <property name="sun.jnu.encoding" value="UTF-8"/>
    <property name="java.library.path" value="/Users/maguangyi/Library/Java/Extensions:/Library/Java/Extensions:/Network/Library/Java/Extensions:/System/Library/Java/Extensions:/usr/lib/java:."/>
    <property name="maven.conf" value="/software/apache-maven-3.5.4/conf"/>
    <property name="java.specification.name" value="Java Platform API Specification"/>
    <property name="java.class.version" value="52.0"/>
    <property name="sun.management.compiler" value="HotSpot 64-Bit Tiered Compilers"/>
    <property name="os.version" value="10.14"/>
    <property name="library.jansi.path" value="/software/apache-maven-3.5.4/lib/jansi-native"/>
    <property name="http.nonProxyHosts" value="local|*.local|169.254/16|*.169.254/16"/>
    <property name="user.home" value="/Users/maguangyi"/>
    <property name="user.timezone" value="Asia/Shanghai"/>
    <property name="java.awt.printerjob" value="sun.lwawt.macosx.CPrinterJob"/>
    <property name="java.specification.version" value="1.8"/>
    <property name="file.encoding" value="UTF-8"/>
    <property name="user.name" value="maguangyi"/>
    <property name="java.class.path" value="/software/apache-maven-3.5.4/boot/plexus-classworlds-2.5.2.jar"/>
    <property name="java.vm.specification.version" value="1.8"/>
    <property name="sun.arch.data.model" value="64"/>
    <property name="java.home" value="/Library/Java/JavaVirtualMachines/jdk1.8.0_171.jdk/Contents/Home/jre"/>
    <property name="sun.java.command" value="org.codehaus.plexus.classworlds.launcher.Launcher clean install"/>
    <property name="java.specification.vendor" value="Oracle Corporation"/>
    <property name="user.language" value="zh"/>
    <property name="awt.toolkit" value="sun.lwawt.macosx.LWCToolkit"/>
    <property name="java.vm.info" value="mixed mode"/>
    <property name="java.version" value="1.8.0_171"/>
    <property name="java.ext.dirs" value="/Users/maguangyi/Library/Java/Extensions:/Library/Java/JavaVirtualMachines/jdk1.8.0_171.jdk/Contents/Home/jre/lib/ext:/Library/Java/Extensions:/Network/Library/Java/Extensions:/System/Library/Java/Extensions:/usr/lib/java"/>
    <property name="sun.boot.class.path" value="/Library/Java/JavaVirtualMachines/jdk1.8.0_171.jdk/Contents/Home/jre/lib/resources.jar:/Library/Java/JavaVirtualMachines/jdk1.8.0_171.jdk/Contents/Home/jre/lib/rt.jar:/Library/Java/JavaVirtualMachines/jdk1.8.0_171.jdk/Contents/Home/jre/lib/sunrsasign.jar:/Library/Java/JavaVirtualMachines/jdk1.8.0_171.jdk/Contents/Home/jre/lib/jsse.jar:/Library/Java/JavaVirtualMachines/jdk1.8.0_171.jdk/Contents/Home/jre/lib/jce.jar:/Library/Java/JavaVirtualMachines/jdk1.8.0_171.jdk/Contents/Home/jre/lib/charsets.jar:/Library/Java/JavaVirtualMachines/jdk1.8.0_171.jdk/Contents/Home/jre/lib/jfr.jar:/Library/Java/JavaVirtualMachines/jdk1.8.0_171.jdk/Contents/Home/jre/classes"/>
    <property name="java.vendor" value="Oracle Corporation"/>
    <property name="maven.home" value="/software/apache-maven-3.5.4"/>
    <property name="file.separator" value="/"/>
    <property name="java.vendor.url.bug" value="http://bugreport.sun.com/bugreport/"/>
    <property name="sun.cpu.endian" value="little"/>
    <property name="sun.io.unicode.encoding" value="UnicodeBig"/>
    <property name="socksNonProxyHosts" value="local|*.local|169.254/16|*.169.254/16"/>
    <property name="ftp.nonProxyHosts" value="local|*.local|169.254/16|*.169.254/16"/>
    <property name="sun.cpu.isalist" value=""/>
  </properties>
  <testcase classname="me.chanjar.weixin.common.util.DataUtilsTest" name="testHandleDataWithSecret" time="0.439"/>
  <testcase classname="me.chanjar.weixin.common.api.WxMessageInMemoryDuplicateCheckerTest" name="test" time="2.518"/>
  <testcase classname="me.chanjar.weixin.common.util.crypto.WxCryptUtilTest" name="testAesEncrypt" time="0.745"/>
  <testcase classname="me.chanjar.weixin.common.util.crypto.WxCryptUtilTest" name="testAesEncrypt2" time="0.002"/>
  <testcase classname="me.chanjar.weixin.common.util.crypto.WxCryptUtilTest" name="testNormal" time="0.098"/>
  <testcase classname="me.chanjar.weixin.common.util.crypto.WxCryptUtilTest" name="testValidateSignatureError" time="0.004"/>
  <testcase classname="me.chanjar.weixin.common.error.WxErrorTest" name="testFromBadJson1" time="0.094"/>
  <testcase classname="me.chanjar.weixin.common.error.WxErrorTest" name="testFromBadJson2" time="0.001"/>
  <testcase classname="me.chanjar.weixin.common.error.WxErrorTest" name="testFromJson" time="0.001"/>
  <testcase classname="me.chanjar.weixin.common.util.crypto.SHA1Test" name="testGen" time="0"/>
  <testcase classname="me.chanjar.weixin.common.util.crypto.SHA1Test" name="testGenWithAmple" time="0"/>
  <testcase classname="me.chanjar.weixin.common.util.crypto.SHA1Test" name="testGen_illegalArguments" time="0"/>
  <testcase classname="me.chanjar.weixin.common.session.SessionTest" name="testBackgroundProcess" time="2.012"/>
  <testcase classname="me.chanjar.weixin.common.session.SessionTest" name="testBackgroundProcess2" time="2.009"/>
  <testcase classname="me.chanjar.weixin.common.session.SessionTest" name="testGetSession" time="0.002"/>
  <testcase classname="me.chanjar.weixin.common.session.SessionTest" name="testInvalidate" time="0"/>
  <testcase classname="me.chanjar.weixin.common.session.SessionTest" name="testInvalidate2" time="0.001"/>
  <testcase classname="me.chanjar.weixin.common.session.SessionTest" name="testInvalidateAngGet" time="0.001"/>
  <testcase classname="me.chanjar.weixin.common.session.SessionTest" name="testMaxActive" time="0"/>
  <testcase classname="me.chanjar.weixin.common.session.SessionTest" name="testMaxActive2" time="0"/>
  <testcase classname="me.chanjar.weixin.common.util.http.apache.DefaultApacheHttpClientBuilderTest" name="testBuild" time="1.897"/>
  <testcase classname="me.chanjar.weixin.common.bean.WxAccessTokenTest" name="testFromJson" time="0.001"/>
</testsuite>