<?xml version="1.0" encoding="UTF-8"?>
<!-- Generated by org.testng.reporters.JUnitReportReporter -->
<testsuite skipped="0" hostname="maguangyideMacBook-Air.local" name="me.chanjar.weixin.common.api.WxMessageInMemoryDuplicateCheckerTest" tests="1" failures="0" timestamp="21 十一月 2018 13:36:12 GMT" time="2.518" errors="0">
  <testcase name="test" time="2.518" classname="me.chanjar.weixin.common.api.WxMessageInMemoryDuplicateCheckerTest"/>
</testsuite> <!-- me.chanjar.weixin.common.api.WxMessageInMemoryDuplicateCheckerTest -->
