<?xml version="1.0" encoding="UTF-8"?>
<!-- Generated by org.testng.reporters.JUnitReportReporter -->
<testsuite skipped="0" hostname="maguangyideMacBook-Air.local" name="me.chanjar.weixin.common.error.WxErrorTest" tests="3" failures="0" timestamp="21 十一月 2018 13:36:12 GMT" time="0.093" errors="0">
  <testcase name="testFromBadJson1" time="0.093" classname="me.chanjar.weixin.common.error.WxErrorTest"/>
  <testcase name="testFromBadJson2" time="0.000" classname="me.chanjar.weixin.common.error.WxErrorTest"/>
  <testcase name="testFromJson" time="0.000" classname="me.chanjar.weixin.common.error.WxErrorTest"/>
</testsuite> <!-- me.chanjar.weixin.common.error.WxErrorTest -->
