<?xml version="1.0" encoding="UTF-8"?>
<!-- Generated by org.testng.reporters.JUnitReportReporter -->
<testsuite skipped="0" hostname="maguangyideMacBook-Air.local" name="me.chanjar.weixin.common.util.DataUtilsTest" tests="1" failures="0" timestamp="21 十一月 2018 13:36:12 GMT" time="0.437" errors="0">
  <testcase name="testHandleDataWithSecret" time="0.437" classname="me.chanjar.weixin.common.util.DataUtilsTest"/>
</testsuite> <!-- me.chanjar.weixin.common.util.DataUtilsTest -->
