<?xml version="1.0" encoding="UTF-8"?>
<!-- Generated by org.testng.reporters.JUnitReportReporter -->
<testsuite skipped="0" hostname="maguangyideMacBook-Air.local" name="me.chanjar.weixin.common.util.crypto.SHA1Test" tests="3" failures="0" timestamp="21 十一月 2018 13:36:12 GMT" time="0.002" errors="0">
  <testcase name="testGenWithAmple" time="0.001" classname="me.chanjar.weixin.common.util.crypto.SHA1Test"/>
  <testcase name="testGen" time="0.000" classname="me.chanjar.weixin.common.util.crypto.SHA1Test"/>
  <testcase name="testGen_illegalArguments" time="0.001" classname="me.chanjar.weixin.common.util.crypto.SHA1Test"/>
</testsuite> <!-- me.chanjar.weixin.common.util.crypto.SHA1Test -->
