<?xml version="1.0" encoding="UTF-8"?>
<!-- Generated by org.testng.reporters.JUnitReportReporter -->
<testsuite skipped="0" hostname="maguangyideMacBook-Air.local" name="me.chanjar.weixin.common.util.crypto.WxCryptUtilTest" tests="4" failures="0" timestamp="21 十一月 2018 13:36:12 GMT" time="0.853" errors="0">
  <testcase name="testNormal" time="0.097" classname="me.chanjar.weixin.common.util.crypto.WxCryptUtilTest"/>
  <testcase name="testAesEncrypt2" time="0.009" classname="me.chanjar.weixin.common.util.crypto.WxCryptUtilTest"/>
  <testcase name="testAesEncrypt" time="0.744" classname="me.chanjar.weixin.common.util.crypto.WxCryptUtilTest"/>
  <testcase name="testValidateSignatureError" time="0.003" classname="me.chanjar.weixin.common.util.crypto.WxCryptUtilTest"/>
</testsuite> <!-- me.chanjar.weixin.common.util.crypto.WxCryptUtilTest -->
