<?xml version="1.0" encoding="UTF-8"?>
<!-- Generated by org.testng.reporters.JUnitReportReporter -->
<testsuite skipped="0" hostname="maguangyideMacBook-Air.local" name="me.chanjar.weixin.common.bean.WxAccessTokenTest" tests="1" failures="0" timestamp="21 十一月 2018 13:36:12 GMT" time="0.001" errors="0">
  <testcase name="testFromJson" time="0.001" classname="me.chanjar.weixin.common.bean.WxAccessTokenTest"/>
</testsuite> <!-- me.chanjar.weixin.common.bean.WxAccessTokenTest -->
