<?xml version="1.0" encoding="UTF-8"?>
<!-- Generated by org.testng.reporters.JUnitReportReporter -->
<testsuite skipped="0" hostname="maguangyideMacBook-Air.local" name="me.chanjar.weixin.common.session.SessionTest" tests="8" failures="0" timestamp="21 十一月 2018 13:36:12 GMT" time="4.031" errors="0">
  <testcase name="testInvalidateAngGet" time="0.000" classname="me.chanjar.weixin.common.session.SessionTest"/>
  <testcase name="testMaxActive2" time="0.001" classname="me.chanjar.weixin.common.session.SessionTest"/>
  <testcase name="testGetSession" time="0.002" classname="me.chanjar.weixin.common.session.SessionTest"/>
  <testcase name="testInvalidate" time="0.001" classname="me.chanjar.weixin.common.session.SessionTest"/>
  <testcase name="testInvalidate2" time="0.001" classname="me.chanjar.weixin.common.session.SessionTest"/>
  <testcase name="testMaxActive" time="0.004" classname="me.chanjar.weixin.common.session.SessionTest"/>
  <testcase name="testBackgroundProcess2" time="2.009" classname="me.chanjar.weixin.common.session.SessionTest"/>
  <testcase name="testBackgroundProcess" time="2.013" classname="me.chanjar.weixin.common.session.SessionTest"/>
</testsuite> <!-- me.chanjar.weixin.common.session.SessionTest -->
